/home/jeagerboob/smart_navigator_ws/install/smart_navigator/lib/python3.10/site-packages/smart_navigator/input_node.py
/home/jeagerboob/smart_navigator_ws/install/smart_navigator/lib/python3.10/site-packages/smart_navigator/__init__.py
/home/jeagerboob/smart_navigator_ws/install/smart_navigator/lib/python3.10/site-packages/smart_navigator/navigator_node.py
/home/jeagerboob/smart_navigator_ws/install/smart_navigator/lib/python3.10/site-packages/smart_navigator/decision_node.py
/home/jeagerboob/smart_navigator_ws/install/smart_navigator/lib/python3.10/site-packages/smart_navigator/__pycache__/input_node.cpython-310.pyc
/home/jeagerboob/smart_navigator_ws/install/smart_navigator/lib/python3.10/site-packages/smart_navigator/__pycache__/__init__.cpython-310.pyc
/home/jeagerboob/smart_navigator_ws/install/smart_navigator/lib/python3.10/site-packages/smart_navigator/__pycache__/navigator_node.cpython-310.pyc
/home/jeagerboob/smart_navigator_ws/install/smart_navigator/lib/python3.10/site-packages/smart_navigator/__pycache__/decision_node.cpython-310.pyc
/home/jeagerboob/smart_navigator_ws/install/smart_navigator/share/ament_index/resource_index/packages/smart_navigator
/home/jeagerboob/smart_navigator_ws/install/smart_navigator/share/smart_navigator/package.xml
/home/jeagerboob/smart_navigator_ws/install/smart_navigator/share/smart_navigator/launch/smart_system_launch.py
/home/jeagerboob/smart_navigator_ws/install/smart_navigator/share/smart_navigator/data/dataset.csv
/home/jeagerboob/smart_navigator_ws/install/smart_navigator/lib/python3.10/site-packages/smart_navigator-0.1.0-py3.10.egg-info/SOURCES.txt
/home/jeagerboob/smart_navigator_ws/install/smart_navigator/lib/python3.10/site-packages/smart_navigator-0.1.0-py3.10.egg-info/dependency_links.txt
/home/jeagerboob/smart_navigator_ws/install/smart_navigator/lib/python3.10/site-packages/smart_navigator-0.1.0-py3.10.egg-info/entry_points.txt
/home/jeagerboob/smart_navigator_ws/install/smart_navigator/lib/python3.10/site-packages/smart_navigator-0.1.0-py3.10.egg-info/zip-safe
/home/jeagerboob/smart_navigator_ws/install/smart_navigator/lib/python3.10/site-packages/smart_navigator-0.1.0-py3.10.egg-info/top_level.txt
/home/jeagerboob/smart_navigator_ws/install/smart_navigator/lib/python3.10/site-packages/smart_navigator-0.1.0-py3.10.egg-info/requires.txt
/home/jeagerboob/smart_navigator_ws/install/smart_navigator/lib/python3.10/site-packages/smart_navigator-0.1.0-py3.10.egg-info/PKG-INFO
/home/jeagerboob/smart_navigator_ws/install/smart_navigator/lib/smart_navigator/decision_node
/home/jeagerboob/smart_navigator_ws/install/smart_navigator/lib/smart_navigator/input_node
/home/jeagerboob/smart_navigator_ws/install/smart_navigator/lib/smart_navigator/navigator_node
